<?xml version="1.0" encoding="UTF-8"?>
<!-- Generated by org.testng.reporters.JUnitXMLReporter -->
<testsuite ignored="0" hostname="DESKTOP-3MREL07" failures="0" tests="5" name="Surefire test" time="23.377" errors="0" timestamp="15 Jul 2023 11:12:27 GMT">
  <testcase classname="SeleniumTestSuit.NewSeleniumTest.URLTest" name="@AfterMethod tearDown" time="0.005">
    <failure type="org.openqa.selenium.NoSuchSessionException" message="Session ID is null. Using WebDriver after calling quit()?
Build info: version: &amp;apos;3.14.0&amp;apos;, revision: &amp;apos;aacccce0&amp;apos;, time: &amp;apos;2018-08-02T20:19:58.91Z&amp;apos;
System info: host: &amp;apos;DESKTOP-3MREL07&amp;apos;, ip: &amp;apos;192.168.1.9&amp;apos;, os.name: &amp;apos;Windows 11&amp;apos;, os.arch: &amp;apos;amd64&amp;apos;, os.version: &amp;apos;10.0&amp;apos;, java.version: &amp;apos;17.0.4.1&amp;apos;
Driver info: driver.version: RemoteWebDriver">
      <![CDATA[org.openqa.selenium.NoSuchSessionException: Session ID is null. Using WebDriver after calling quit()?
Build info: version: '3.14.0', revision: 'aacccce0', time: '2018-08-02T20:19:58.91Z'
System info: host: 'DESKTOP-3MREL07', ip: '192.168.1.9', os.name: 'Windows 11', os.arch: 'amd64', os.version: '10.0', java.version: '17.0.4.1'
Driver info: driver.version: RemoteWebDriver
	at org.openqa.selenium.remote.HttpCommandExecutor.execute(HttpCommandExecutor.java:125)
	at org.openqa.selenium.remote.service.DriverCommandExecutor.execute(DriverCommandExecutor.java:83)
	at org.openqa.selenium.remote.RemoteWebDriver.execute(RemoteWebDriver.java:548)
	at org.openqa.selenium.remote.RemoteWebDriver.execute(RemoteWebDriver.java:605)
	at org.openqa.selenium.remote.RemoteWebDriver.getScreenshotAs(RemoteWebDriver.java:294)
	at utils.Utilities.getScreenshot(Utilities.java:18)
	at SeleniumTestSuit.NewSeleniumTest.URLTest.tearDown(URLTest.java:70)
... Removed 32 stack frames]]>
    </failure>
  </testcase> <!-- @AfterMethod tearDown -->
  <testcase classname="SeleniumTestSuit.NewSeleniumTest.URLTest" name="@BeforeMethod browserConfig" time="0.0">
    <skipped/>
  </testcase> <!-- @BeforeMethod browserConfig -->
  <testcase classname="SeleniumTestSuit.NewSeleniumTest.URLTest" name="@BeforeMethod setup" time="0.0">
    <skipped/>
  </testcase> <!-- @BeforeMethod setup -->
  <testcase classname="SeleniumTestSuit.NewSeleniumTest.URLTest" name="@BeforeMethod browserConfig" time="0.0">
    <skipped/>
  </testcase> <!-- @BeforeMethod browserConfig -->
  <testcase classname="SeleniumTestSuit.NewSeleniumTest.URLTest" name="@BeforeMethod setup" time="0.0">
    <skipped/>
  </testcase> <!-- @BeforeMethod setup -->
  <testcase classname="SeleniumTestSuit.NewSeleniumTest.URLTest" name="@BeforeMethod browserConfig" time="0.0">
    <skipped/>
  </testcase> <!-- @BeforeMethod browserConfig -->
  <testcase classname="SeleniumTestSuit.NewSeleniumTest.URLTest" name="@BeforeMethod setup" time="0.0">
    <skipped/>
  </testcase> <!-- @BeforeMethod setup -->
  <testcase classname="SeleniumTestSuit.NewSeleniumTest.URLTest" name="@BeforeMethod browserConfig" time="0.0">
    <skipped/>
  </testcase> <!-- @BeforeMethod browserConfig -->
  <testcase classname="SeleniumTestSuit.NewSeleniumTest.URLTest" name="@BeforeMethod setup" time="0.0">
    <skipped/>
  </testcase> <!-- @BeforeMethod setup -->
  <testcase classname="SeleniumTestSuit.NewSeleniumTest.URLTest" name="@AfterTest endReport" time="0.0">
    <skipped/>
  </testcase> <!-- @AfterTest endReport -->
  <testcase classname="SeleniumTestSuit.NewSeleniumTest.URLTest" name="ToolsQA" time="22.986"/>
  <testcase classname="SeleniumTestSuit.NewSeleniumTest.URLTest" name="Yahoo" time="0.0">
    <skipped/>
  </testcase> <!-- Yahoo -->
  <testcase classname="SeleniumTestSuit.NewSeleniumTest.URLTest" name="google" time="0.0">
    <skipped/>
  </testcase> <!-- google -->
  <testcase classname="SeleniumTestSuit.NewSeleniumTest.URLTest" name="guru99" time="0.0">
    <skipped/>
  </testcase> <!-- guru99 -->
  <testcase classname="SeleniumTestSuit.NewSeleniumTest.URLTest" name="inCom" time="0.0">
    <skipped/>
  </testcase> <!-- inCom -->
</testsuite> <!-- Surefire test -->
