<!DOCTYPE html PUBLIC "-//W3C//DTD XHTML 1.1//EN" "http://www.w3.org/TR/xhtml11/DTD/xhtml11.dtd">
<html xmlns="http://www.w3.org/1999/xhtml"><head><title>TestNG Report</title><style type="text/css">table {margin-bottom:10px;border-collapse:collapse;empty-cells:show}th,td {border:1px solid #009;padding:.25em .5em}th {vertical-align:bottom}td {vertical-align:top}table a {font-weight:bold}.stripe td {background-color: #E6EBF9}.num {text-align:right}.passedodd td {background-color: #3F3}.passedeven td {background-color: #0A0}.skippedodd td {background-color: #DDD}.skippedeven td {background-color: #CCC}.failedodd td,.attn {background-color: #F33}.failedeven td,.stripe .attn {background-color: #D00}.stacktrace {white-space:pre;font-family:monospace}.totop {font-size:85%;text-align:center;border-bottom:2px solid #000}</style></head><body><table><tr><th>Test</th><th># Passed</th><th># Skipped</th><th># Failed</th><th>Time (ms)</th><th>Included Groups</th><th>Excluded Groups</th></tr><tr><th colspan="7">Surefire suite</th></tr><tr><td><a href="#t0">Surefire test</a></td><td class="num">1</td><td class="num attn">4</td><td class="num">0</td><td class="num">23,377</td><td></td><td></td></tr></table><table id='summary'><thead><tr><th>Class</th><th>Method</th><th>Start</th><th>Time (ms)</th></tr></thead><tbody><tr><th colspan="4">Surefire suite</th></tr></tbody><tbody id="t0"><tr><th colspan="4">Surefire test &#8212; failed (configuration methods)</th></tr><tr class="failedeven"><td rowspan="1">SeleniumTestSuit.NewSeleniumTest.URLTest</td><td><a href="#m0">tearDown</a></td><td rowspan="1">1689419547489</td><td rowspan="1">5</td></tr><tr><th colspan="4">Surefire test &#8212; skipped (configuration methods)</th></tr><tr class="skippedeven"><td rowspan="10">SeleniumTestSuit.NewSeleniumTest.URLTest</td><td><a href="#m1">browserConfig</a></td><td rowspan="4">1689419547505</td><td rowspan="4">0</td></tr><tr class="skippedeven"><td><a href="#m2">browserConfig</a></td></tr><tr class="skippedeven"><td><a href="#m3">browserConfig</a></td></tr><tr class="skippedeven"><td><a href="#m4">browserConfig</a></td></tr><tr class="skippedeven"><td><a href="#m5">endReport</a></td><td rowspan="1">1689419547507</td><td rowspan="1">0</td></tr><tr class="skippedeven"><td><a href="#m6">killChrome</a></td><td rowspan="1">1689419547567</td><td rowspan="1">0</td></tr><tr class="skippedeven"><td><a href="#m7">setup</a></td><td rowspan="4">1689419547505</td><td rowspan="4">0</td></tr><tr class="skippedeven"><td><a href="#m8">setup</a></td></tr><tr class="skippedeven"><td><a href="#m9">setup</a></td></tr><tr class="skippedeven"><td><a href="#m10">setup</a></td></tr><tr><th colspan="4">Surefire test &#8212; skipped</th></tr><tr class="skippedeven"><td rowspan="4">SeleniumTestSuit.NewSeleniumTest.URLTest</td><td><a href="#m11">Yahoo</a></td><td rowspan="1">1689419547503</td><td rowspan="1">0</td></tr><tr class="skippedeven"><td><a href="#m12">google</a></td><td rowspan="1">1689419547504</td><td rowspan="1">0</td></tr><tr class="skippedeven"><td><a href="#m13">guru99</a></td><td rowspan="1">1689419547505</td><td rowspan="1">0</td></tr><tr class="skippedeven"><td><a href="#m14">inCom</a></td><td rowspan="1">1689419547506</td><td rowspan="1">0</td></tr><tr><th colspan="4">Surefire test &#8212; passed</th></tr><tr class="passedeven"><td rowspan="1">SeleniumTestSuit.NewSeleniumTest.URLTest</td><td><a href="#m15">ToolsQA</a></td><td rowspan="1">1689419524313</td><td rowspan="1">22986</td></tr></tbody></table><h2>Surefire test</h2><h3 id="m0">SeleniumTestSuit.NewSeleniumTest.URLTest#tearDown</h3><table class="result"><tr class="param"><th>Parameter #1</th></tr><tr class="param stripe"><td>[TestResult name=ToolsQA status=SUCCESS method=URLTest.ToolsQA()[pri:0, instance:SeleniumTestSuit.NewSeleniumTest.URLTest@5b408dc3] output={null}]</td></tr><tr><th>Exception</th></tr><tr><td><div class="stacktrace">org.openqa.selenium.NoSuchSessionException: Session ID is null. Using WebDriver after calling quit()?
Build info: version: &apos;3.14.0&apos;, revision: &apos;aacccce0&apos;, time: &apos;2018-08-02T20:19:58.91Z&apos;
System info: host: &apos;DESKTOP-3MREL07&apos;, ip: &apos;192.168.1.9&apos;, os.name: &apos;Windows 11&apos;, os.arch: &apos;amd64&apos;, os.version: &apos;10.0&apos;, java.version: &apos;17.0.4.1&apos;
Driver info: driver.version: RemoteWebDriver
	at org.openqa.selenium.remote.HttpCommandExecutor.execute(HttpCommandExecutor.java:125)
	at org.openqa.selenium.remote.service.DriverCommandExecutor.execute(DriverCommandExecutor.java:83)
	at org.openqa.selenium.remote.RemoteWebDriver.execute(RemoteWebDriver.java:548)
	at org.openqa.selenium.remote.RemoteWebDriver.execute(RemoteWebDriver.java:605)
	at org.openqa.selenium.remote.RemoteWebDriver.getScreenshotAs(RemoteWebDriver.java:294)
	at utils.Utilities.getScreenshot(Utilities.java:18)
	at SeleniumTestSuit.NewSeleniumTest.URLTest.tearDown(URLTest.java:70)
... Removed 32 stack frames</div></td></tr></table><p class="totop"><a href="#summary">back to summary</a></p><h3 id="m1">SeleniumTestSuit.NewSeleniumTest.URLTest#browserConfig</h3><table class="result"></table><p class="totop"><a href="#summary">back to summary</a></p><h3 id="m2">SeleniumTestSuit.NewSeleniumTest.URLTest#browserConfig</h3><table class="result"></table><p class="totop"><a href="#summary">back to summary</a></p><h3 id="m3">SeleniumTestSuit.NewSeleniumTest.URLTest#browserConfig</h3><table class="result"></table><p class="totop"><a href="#summary">back to summary</a></p><h3 id="m4">SeleniumTestSuit.NewSeleniumTest.URLTest#browserConfig</h3><table class="result"></table><p class="totop"><a href="#summary">back to summary</a></p><h3 id="m5">SeleniumTestSuit.NewSeleniumTest.URLTest#endReport</h3><table class="result"></table><p class="totop"><a href="#summary">back to summary</a></p><h3 id="m6">SeleniumTestSuit.NewSeleniumTest.URLTest#killChrome</h3><table class="result"></table><p class="totop"><a href="#summary">back to summary</a></p><h3 id="m7">SeleniumTestSuit.NewSeleniumTest.URLTest#setup</h3><table class="result"></table><p class="totop"><a href="#summary">back to summary</a></p><h3 id="m8">SeleniumTestSuit.NewSeleniumTest.URLTest#setup</h3><table class="result"></table><p class="totop"><a href="#summary">back to summary</a></p><h3 id="m9">SeleniumTestSuit.NewSeleniumTest.URLTest#setup</h3><table class="result"></table><p class="totop"><a href="#summary">back to summary</a></p><h3 id="m10">SeleniumTestSuit.NewSeleniumTest.URLTest#setup</h3><table class="result"></table><p class="totop"><a href="#summary">back to summary</a></p><h3 id="m11">SeleniumTestSuit.NewSeleniumTest.URLTest#Yahoo</h3><table class="result"><tr><th>Exception</th></tr><tr><td><div class="stacktrace">org.openqa.selenium.NoSuchSessionException: Session ID is null. Using WebDriver after calling quit()?
Build info: version: &apos;3.14.0&apos;, revision: &apos;aacccce0&apos;, time: &apos;2018-08-02T20:19:58.91Z&apos;
System info: host: &apos;DESKTOP-3MREL07&apos;, ip: &apos;192.168.1.9&apos;, os.name: &apos;Windows 11&apos;, os.arch: &apos;amd64&apos;, os.version: &apos;10.0&apos;, java.version: &apos;17.0.4.1&apos;
Driver info: driver.version: RemoteWebDriver
	at org.openqa.selenium.remote.HttpCommandExecutor.execute(HttpCommandExecutor.java:125)
	at org.openqa.selenium.remote.service.DriverCommandExecutor.execute(DriverCommandExecutor.java:83)
	at org.openqa.selenium.remote.RemoteWebDriver.execute(RemoteWebDriver.java:548)
	at org.openqa.selenium.remote.RemoteWebDriver.execute(RemoteWebDriver.java:605)
	at org.openqa.selenium.remote.RemoteWebDriver.getScreenshotAs(RemoteWebDriver.java:294)
	at utils.Utilities.getScreenshot(Utilities.java:18)
	at SeleniumTestSuit.NewSeleniumTest.URLTest.tearDown(URLTest.java:70)
... Removed 32 stack frames</div></td></tr></table><p class="totop"><a href="#summary">back to summary</a></p><h3 id="m12">SeleniumTestSuit.NewSeleniumTest.URLTest#google</h3><table class="result"><tr><th>Exception</th></tr><tr><td><div class="stacktrace">org.openqa.selenium.NoSuchSessionException: Session ID is null. Using WebDriver after calling quit()?
Build info: version: &apos;3.14.0&apos;, revision: &apos;aacccce0&apos;, time: &apos;2018-08-02T20:19:58.91Z&apos;
System info: host: &apos;DESKTOP-3MREL07&apos;, ip: &apos;192.168.1.9&apos;, os.name: &apos;Windows 11&apos;, os.arch: &apos;amd64&apos;, os.version: &apos;10.0&apos;, java.version: &apos;17.0.4.1&apos;
Driver info: driver.version: RemoteWebDriver
	at org.openqa.selenium.remote.HttpCommandExecutor.execute(HttpCommandExecutor.java:125)
	at org.openqa.selenium.remote.service.DriverCommandExecutor.execute(DriverCommandExecutor.java:83)
	at org.openqa.selenium.remote.RemoteWebDriver.execute(RemoteWebDriver.java:548)
	at org.openqa.selenium.remote.RemoteWebDriver.execute(RemoteWebDriver.java:605)
	at org.openqa.selenium.remote.RemoteWebDriver.getScreenshotAs(RemoteWebDriver.java:294)
	at utils.Utilities.getScreenshot(Utilities.java:18)
	at SeleniumTestSuit.NewSeleniumTest.URLTest.tearDown(URLTest.java:70)
... Removed 32 stack frames</div></td></tr></table><p class="totop"><a href="#summary">back to summary</a></p><h3 id="m13">SeleniumTestSuit.NewSeleniumTest.URLTest#guru99</h3><table class="result"><tr><th>Exception</th></tr><tr><td><div class="stacktrace">org.openqa.selenium.NoSuchSessionException: Session ID is null. Using WebDriver after calling quit()?
Build info: version: &apos;3.14.0&apos;, revision: &apos;aacccce0&apos;, time: &apos;2018-08-02T20:19:58.91Z&apos;
System info: host: &apos;DESKTOP-3MREL07&apos;, ip: &apos;192.168.1.9&apos;, os.name: &apos;Windows 11&apos;, os.arch: &apos;amd64&apos;, os.version: &apos;10.0&apos;, java.version: &apos;17.0.4.1&apos;
Driver info: driver.version: RemoteWebDriver
	at org.openqa.selenium.remote.HttpCommandExecutor.execute(HttpCommandExecutor.java:125)
	at org.openqa.selenium.remote.service.DriverCommandExecutor.execute(DriverCommandExecutor.java:83)
	at org.openqa.selenium.remote.RemoteWebDriver.execute(RemoteWebDriver.java:548)
	at org.openqa.selenium.remote.RemoteWebDriver.execute(RemoteWebDriver.java:605)
	at org.openqa.selenium.remote.RemoteWebDriver.getScreenshotAs(RemoteWebDriver.java:294)
	at utils.Utilities.getScreenshot(Utilities.java:18)
	at SeleniumTestSuit.NewSeleniumTest.URLTest.tearDown(URLTest.java:70)
... Removed 32 stack frames</div></td></tr></table><p class="totop"><a href="#summary">back to summary</a></p><h3 id="m14">SeleniumTestSuit.NewSeleniumTest.URLTest#inCom</h3><table class="result"><tr><th>Exception</th></tr><tr><td><div class="stacktrace">org.openqa.selenium.NoSuchSessionException: Session ID is null. Using WebDriver after calling quit()?
Build info: version: &apos;3.14.0&apos;, revision: &apos;aacccce0&apos;, time: &apos;2018-08-02T20:19:58.91Z&apos;
System info: host: &apos;DESKTOP-3MREL07&apos;, ip: &apos;192.168.1.9&apos;, os.name: &apos;Windows 11&apos;, os.arch: &apos;amd64&apos;, os.version: &apos;10.0&apos;, java.version: &apos;17.0.4.1&apos;
Driver info: driver.version: RemoteWebDriver
	at org.openqa.selenium.remote.HttpCommandExecutor.execute(HttpCommandExecutor.java:125)
	at org.openqa.selenium.remote.service.DriverCommandExecutor.execute(DriverCommandExecutor.java:83)
	at org.openqa.selenium.remote.RemoteWebDriver.execute(RemoteWebDriver.java:548)
	at org.openqa.selenium.remote.RemoteWebDriver.execute(RemoteWebDriver.java:605)
	at org.openqa.selenium.remote.RemoteWebDriver.getScreenshotAs(RemoteWebDriver.java:294)
	at utils.Utilities.getScreenshot(Utilities.java:18)
	at SeleniumTestSuit.NewSeleniumTest.URLTest.tearDown(URLTest.java:70)
... Removed 32 stack frames</div></td></tr></table><p class="totop"><a href="#summary">back to summary</a></p><h3 id="m15">SeleniumTestSuit.NewSeleniumTest.URLTest#ToolsQA</h3><table class="result"></table><p class="totop"><a href="#summary">back to summary</a></p></body></html>